2024-10-29 05:22:30 info: Listening on http://localhost:3000
2024-10-29 05:22:31 info: Listening on http://localhost:3000
2024-10-29 05:22:31 info: Listening on http://localhost:3000
2024-10-29 05:45:23 info: Server is running on port http://localhost:1337
2024-10-29 05:45:23 error: Error: Configuration property "dbUri" is not defined
    at Config.get (/Users/mac/Desktop/chatServer/node_modules/config/lib/config.js:181:11)
    at /Users/mac/Desktop/chatServer/src/utils/connectDB.ts:6:23
    at Generator.next (<anonymous>)
    at /Users/mac/Desktop/chatServer/src/utils/connectDB.ts:8:71
    at new Promise (<anonymous>)
    at __awaiter (/Users/mac/Desktop/chatServer/src/utils/connectDB.ts:4:12)
    at connectDB (/Users/mac/Desktop/chatServer/src/utils/connectDB.ts:5:37)
    at /Users/mac/Desktop/chatServer/src/app.ts:31:20
    at Generator.next (<anonymous>)
    at /Users/mac/Desktop/chatServer/src/app.ts:8:71
2024-10-29 05:46:13 info: Server is running on port http://localhost:1337
2024-10-29 05:46:13 info: MongoDB Connected...
2024-10-29 07:21:29 info: Server is running on port http://localhost:1337
2024-10-29 07:21:29 info: MongoDB Connected...
2024-10-29 07:21:42 info: Server is running on port http://localhost:1337
2024-10-29 07:21:42 info: MongoDB Connected...
2024-10-29 07:22:05 info: Server is running on port http://localhost:1337
2024-10-29 07:22:06 info: MongoDB Connected...
2024-10-29 07:23:18 info: Server is running on port http://localhost:1337
2024-10-29 07:23:18 info: MongoDB Connected...
2024-10-29 07:23:43 info: Server is running on port http://localhost:1337
2024-10-29 07:23:43 info: MongoDB Connected...
2024-10-29 07:30:33 info: Server is running on port http://localhost:1337
2024-10-29 07:30:33 info: MongoDB Connected...
2024-10-29 07:31:02 info: Server is running on port http://localhost:1337
2024-10-29 07:31:02 info: MongoDB Connected...
2024-10-29 07:31:24 info: Server is running on port http://localhost:1337
2024-10-29 07:31:24 info: MongoDB Connected...
2024-10-29 07:32:16 info: Server is running on port http://localhost:1337
2024-10-29 07:32:16 info: MongoDB Connected...
2024-10-29 08:27:22 info: Server is running on port http://localhost:1337
2024-10-29 08:27:22 info: MongoDB Connected...
2024-10-29 08:27:41 info: Server is running on port http://localhost:1337
2024-10-29 08:27:41 info: MongoDB Connected...
2024-10-29 08:28:11 info: Server is running on port http://localhost:1337
2024-10-29 08:28:11 info: MongoDB Connected...
2024-10-29 08:28:54 info: Server is running on port http://localhost:1337
2024-10-29 08:28:54 info: MongoDB Connected...
2024-10-29 08:45:58 info: Server is running on port http://localhost:1337
2024-10-29 08:45:59 info: MongoDB Connected...
2024-10-29 08:47:13 info: Server is running on port http://localhost:1337
2024-10-29 08:47:13 info: MongoDB Connected...
2024-10-29 08:47:34 info: Server is running on port http://localhost:1337
2024-10-29 08:47:34 info: MongoDB Connected...
